16.08.2021 15:48:12 - User with email  has successfully logged out.
16.08.2021 15:47:45 - User with email william@school.com has successfully logged in.
16.08.2021 15:47:31 - User with email  has successfully logged out.
16.08.2021 15:47:26 - User with email milos@skola.com has successfully logged in.
16.08.2021 14:36:50 - User with email  has successfully logged out.
16.08.2021 14:36:35 - User with email milos@skola.com has successfully logged in.
16.08.2021 14:30:34 - User with email  has successfully logged out.
16.08.2021 14:30:21 - User with email milos@skola.com has successfully logged in.
13.08.2021 17:33:24 - User with email  has successfully logged out.
13.08.2021 17:32:04 - User with email milos@skola.com has successfully logged in.
06.08.2021 22:20:27 - User with email  has successfully logged out.
06.08.2021 22:13:47 - User with email milos@skola.com has successfully logged in.
05.08.2021 21:09:27 - User with email  has successfully logged out.
05.08.2021 21:09:20 - User with email milos@skola.com has successfully logged in.
05.08.2021 21:09:05 - User with email  has successfully logged out.
05.08.2021 21:02:03 - User with email milos@skola.com has successfully logged in.
05.08.2021 21:01:56 - User with email  has successfully logged out.
05.08.2021 21:00:28 - User with email william@school.com has successfully logged in.
05.08.2021 20:59:25 - User with email  has successfully logged out.
05.08.2021 19:58:55 - User with email milos@skola.com has successfully logged in.
05.08.2021 19:55:36 - User with email  has successfully logged out.
05.08.2021 19:55:17 - User with email milos@skola.com has successfully logged in.
05.08.2021 10:29:14 - User with email  has successfully logged out.
05.08.2021 09:14:14 - User with email milos@skola.com has successfully logged in.
05.08.2021 09:13:55 - User with email  has successfully logged out.
05.08.2021 09:13:30 - User with email user@school.com has successfully logged in.
05.08.2021 09:13:20 - User with email  has successfully logged out.
05.08.2021 09:12:29 - User with email user@school.com has successfully logged in.
05.08.2021 09:11:34 - User with email  has successfully logged out.
05.08.2021 07:50:15 - User with email milos@skola.com has successfully logged in.
05.08.2021 07:49:43 - User with email  has successfully logged out.
05.08.2021 07:49:38 - User with email milos@skola.com has successfully logged in.
05.08.2021 07:46:54 - User with email  has successfully logged out.
05.08.2021 07:46:51 - User with email william@gmail.com has successfully logged in.
05.08.2021 07:46:40 - User with email  has successfully logged out.
05.08.2021 07:46:36 - User with email milos@skola.com has successfully logged in.
05.08.2021 07:46:27 - User with email  has successfully logged out.
05.08.2021 07:13:46 - User with email milos@skola.com has successfully logged in.
04.08.2021 18:09:57 - User with email milos@skola.com has successfully logged in.
04.08.2021 15:30:39 - User with email milos@skola.com has successfully logged in.
04.08.2021 15:18:20 - User with  IP  address - ::1 was banned for 1 min
04.08.2021 15:18:09 - User with  IP  address - ::1 was banned for 1 min
04.08.2021 15:17:59 - User with email  has successfully logged out.
04.08.2021 15:17:57 - User with email william@gmail.com has successfully logged in.
04.08.2021 15:17:45 - User with email  has successfully logged out.
04.08.2021 15:17:41 - User with email milos@skola.com has successfully logged in.
04.08.2021 15:15:58 - User with  IP  address - ::1 was banned for 1 min
04.08.2021 15:15:40 - User with  IP  address - ::1 was banned for 1 min
04.08.2021 15:15:29 - User with  IP  address - ::1 was banned for 1 min
04.08.2021 15:15:08 - User with  IP  address - ::1 was banned for 1 min
04.08.2021 15:11:04 - User with email  has successfully logged out.
04.08.2021 13:45:21 - User with email milos@skola.com has successfully logged in.
04.08.2021 13:15:22 - User with email milos@skola.com has successfully logged in.
04.08.2021 13:15:09 - User with email  has successfully logged out.
04.08.2021 12:09:14 - User with email milos@skola.com has successfully logged in.
04.08.2021 12:09:06 - User with email  has successfully logged out.
04.08.2021 12:04:57 - User with email william@gmail.com has successfully logged in.
04.08.2021 12:04:39 - User with email  has successfully logged out.
04.08.2021 08:25:08 - User with email milos@skola.com has successfully logged in.
03.08.2021 18:48:01 - User with email milos@skola.com has successfully logged in.
03.08.2021 18:47:26 - User with email  has successfully logged out.
03.08.2021 16:27:07 - User with email milos@skola.com has successfully logged in.
03.08.2021 16:26:58 - User with email  has successfully logged out.
03.08.2021 15:45:55 - User with email milos@skola.com has successfully logged in.
03.08.2021 09:33:06 - User with email  has successfully logged out.
03.08.2021 08:15:20 - User with email milos@skola.com has successfully logged in.
02.08.2021 17:24:53 - User with email milos@skola.com has successfully logged in.
02.08.2021 09:43:15 - User with email milos@skola.com has successfully logged in.
01.08.2021 15:08:48 - User with email milos@skola.com has successfully logged in.
01.08.2021 07:07:37 - User with email milos@skola.com has successfully logged in.
31.07.2021 20:25:15 - User with email milos@skola.com has successfully logged in.
31.07.2021 20:25:07 - User with email  has successfully logged out.
31.07.2021 16:38:19 - User with email milos@skola.com has successfully logged in.
31.07.2021 16:38:11 - User with email  has successfully logged out.
31.07.2021 16:37:32 - User with email william@gmail.com has successfully logged in.
31.07.2021 16:37:21 - User with email  has successfully logged out.
31.07.2021 16:24:59 - User with email milos@skola.com has successfully logged in.
31.07.2021 14:55:25 - User with email milos@skola.com has successfully logged in.
31.07.2021 14:55:16 - User with email  has successfully logged out.
31.07.2021 14:52:01 - User with email william@gmail.com has successfully logged in.
31.07.2021 14:51:52 - User with email  has successfully logged out.
31.07.2021 12:09:39 - User with email milos@skola.com has successfully logged in.
31.07.2021 12:09:31 - User with email  has successfully logged out.
31.07.2021 12:06:58 - User with email william@gmail.com has successfully logged in.
31.07.2021 12:06:50 - User with email  has successfully logged out.
31.07.2021 12:06:44 - User with email milos@skola.com has successfully logged in.
31.07.2021 12:06:36 - User with email  has successfully logged out.
31.07.2021 12:06:18 - User with email milos@skola.com has successfully logged in.
31.07.2021 12:06:10 - User with email  has successfully logged out.
31.07.2021 09:14:59 - User with email milos@skola.com has successfully logged in.
31.07.2021 09:14:49 - User with email  has successfully logged out.
31.07.2021 09:14:46 - User with email william@gmail.com has successfully logged in.
31.07.2021 09:13:46 - User with email  has successfully logged out.
31.07.2021 08:39:02 - User with email milos@skola.com has successfully logged in.
31.07.2021 07:47:57 - User with email  has successfully logged out.
31.07.2021 07:47:38 - User with email milos@skola.com has successfully logged in.
31.07.2021 07:06:17 - User with email  has successfully logged out.
31.07.2021 07:06:11 - User with email milos@skola.com has successfully logged in.
30.07.2021 17:12:53 - User with email milos@skola.com has successfully logged in.
30.07.2021 17:12:01 - User with email  has successfully logged out.
